Build started 05/10/2014 10:43:42.
     1>Project "C:\work\uoswork\visr\build\libril\ril.vcxproj" on node 2 (Build target(s)).
     1>ClCompile:
         C:\Program Files (x86)\Microsoft Visual Studio 12.0\VC\bin\x86_amd64\CL.exe /c /I"C:\work\uoswork\visr\src\($PROJECT_SOURCE_DIR)\libefl" /I"C:\work\uoswork\visr\src\libril\($PROJECT_SOURCE_DIR)\libefl" /nologo /W1 /WX- /O2 /Ob2 /D NDEBUG /D "CMAKE_INTDIR=\"Release\"" /D _MBCS /Gm- /MD /GS /fp:precise /Zc:wchar_t /Zc:forScope /Fo"ril.dir\Release\\" /Fd"ril.dir\Release\vc120.pdb" /Gd /TP /errorReport:prompt  -std=c++11 C:\work\uoswork\visr\src\libril\communication_area.cpp
     1>cl : Command line warning D9002: ignoring unknown option '-std=c++11'
         communication_area.cpp
     1>C:\Program Files (x86)\Microsoft Visual Studio 12.0\VC\include\valarray(447): warning C4530: C++ exception handler used, but unwind semantics are not enabled. Specify /EHsc
                 C:\Program Files (x86)\Microsoft Visual Studio 12.0\VC\include\valarray(442) : while compiling class template member function 'void std::valarray<size_t>::_Grow(size_t,const _Ty *,size_t)'
                 with
                 [
                     _Ty=size_t
                 ]
                 C:\Program Files (x86)\Microsoft Visual Studio 12.0\VC\include\valarray(80) : see reference to function template instantiation 'void std::valarray<size_t>::_Grow(size_t,const _Ty *,size_t)' being compiled
                 with
                 [
                     _Ty=size_t
                 ]
                 C:\Program Files (x86)\Microsoft Visual Studio 12.0\VC\include\valarray(1214) : see reference to class template instantiation 'std::valarray<size_t>' being compiled
       Lib:
         C:\Program Files (x86)\Microsoft Visual Studio 12.0\VC\bin\x86_amd64\Lib.exe /OUT:"C:\work\uoswork\visr\build\libril\Release\ril.lib" /NOLOGO /MACHINE:X64 ril.dir\Release\communication_area.obj
         ril.vcxproj -> C:\work\uoswork\visr\build\libril\Release\ril.lib
     1>Done Building Project "C:\work\uoswork\visr\build\libril\ril.vcxproj" (Build target(s)).

Build succeeded.

Time Elapsed 00:00:00.40
