Build started 05/10/2014 12:26:52.
     1>Project "C:\work\uoswork\visr\build\libefl\efl.vcxproj" on node 2 (Build target(s)).
     1>CustomBuild:
         Building Custom Rule C:/work/uoswork/visr/src/libefl/CMakeLists.txt
         CMake does not need to re-run because C:\work\uoswork\visr\build\libefl\CMakeFiles\generate.stamp is up-to-date.
       ClCompile:
         C:\Program Files (x86)\Microsoft Visual Studio 12.0\VC\bin\x86_amd64\CL.exe /c /IC:\work\uoswork\visr\src /Zi /nologo /W3 /WX- /Od /Ob0 /D WIN32 /D _WINDOWS /D _DEBUG /D "CMAKE_INTDIR=\"Debug\"" /D _MBCS /Gm- /EHsc /RTC1 /MDd /GS /fp:precise /Zc:wchar_t /Zc:forScope /GR /Fo"efl.dir\Debug\\" /Fd"efl.dir\Debug\vc120.pdb" /Gd /TP /errorReport:prompt C:\work\uoswork\visr\src\libefl\vector_functions.cpp
         vector_functions.cpp
     1>C:\Program Files (x86)\Microsoft Visual Studio 12.0\VC\include\algorithm(1167): warning C4996: 'std::_Transform2': Function call with parameters that may be unsafe - this call relies on the caller to check that the passed values are correct. To disable this warning, use -D_SCL_SECURE_NO_WARNINGS. See documentation on how to use Visual C++ 'Checked Iterators'
                 C:\Program Files (x86)\Microsoft Visual Studio 12.0\VC\include\algorithm(1145) : see declaration of 'std::_Transform2'
                 C:\work\uoswork\visr\src\libefl\vector_functions.cpp(26) : see reference to function template instantiation '_OutIt std::transform<const T*,const T*,T*,visr::efl::vectorAdd::<lambda_f54d01f1df4c98ba111597e60e5cd580>>(_InIt1,_InIt1,_InIt2,_OutIt,_Fn2)' being compiled
                 with
                 [
                     _OutIt=float *
         ,            T=float
         ,            _InIt1=const float *
         ,            _InIt2=const float *
         ,            _Fn2=visr::efl::vectorAdd::<lambda_f54d01f1df4c98ba111597e60e5cd580>
                 ]
                 C:\work\uoswork\visr\src\libefl\vector_functions.cpp(33) : see reference to function template instantiation 'visr::efl::ErrorCode visr::efl::vectorAdd<float>(const float *const ,const float *const ,float *const ,size_t,size_t)' being compiled
                 C:\Program Files (x86)\Microsoft Visual Studio 12.0\VC\include\algorithm(1145) : see declaration of 'std::_Transform2'
     1>C:\Program Files (x86)\Microsoft Visual Studio 12.0\VC\include\algorithm(1026): warning C4996: 'std::_Transform1': Function call with parameters that may be unsafe - this call relies on the caller to check that the passed values are correct. To disable this warning, use -D_SCL_SECURE_NO_WARNINGS. See documentation on how to use Visual C++ 'Checked Iterators'
                 C:\Program Files (x86)\Microsoft Visual Studio 12.0\VC\include\algorithm(1007) : see declaration of 'std::_Transform1'
                 C:\work\uoswork\visr\src\libefl\vector_functions.cpp(64) : see reference to function template instantiation '_OutIt std::transform<const T*,T*,visr::efl::vectorAddConstant::<lambda_bd8eb0ddfd270563ada4e3897326b8ae>>(_InIt,_InIt,_OutIt,_Fn1)' being compiled
                 with
                 [
                     _OutIt=float *
         ,            T=float
         ,            _InIt=const float *
         ,            _Fn1=visr::efl::vectorAddConstant::<lambda_bd8eb0ddfd270563ada4e3897326b8ae>
                 ]
                 C:\work\uoswork\visr\src\libefl\vector_functions.cpp(70) : see reference to function template instantiation 'visr::efl::ErrorCode visr::efl::vectorAddConstant<float>(float,const float *const ,float *const ,size_t,size_t)' being compiled
                 C:\Program Files (x86)\Microsoft Visual Studio 12.0\VC\include\algorithm(1007) : see declaration of 'std::_Transform1'
       Lib:
         C:\Program Files (x86)\Microsoft Visual Studio 12.0\VC\bin\x86_amd64\Lib.exe /OUT:"C:\work\uoswork\visr\build\libefl\Debug\efl.lib" /NOLOGO /MACHINE:X64 efl.dir\Debug\vector_functions.obj
         efl.vcxproj -> C:\work\uoswork\visr\build\libefl\Debug\efl.lib
     1>Done Building Project "C:\work\uoswork\visr\build\libefl\efl.vcxproj" (Build target(s)).

Build succeeded.

Time Elapsed 00:00:00.85
